<?xml version="1.0" encoding="UTF-8"?>
<!-- Generated by org.testng.reporters.JUnitReportReporter -->
<testsuite hostname="LAPTOP-M0Q06O0F" failures="0" tests="3" name="com.testingannotation.IgnoreTest" time="0.019" errors="0" timestamp="2022-01-05T10:58:46 IST" skipped="1">
  <testcase classname="com.testingannotation.IgnoreTest" name="searchmobile" time="0.002"/>
  <system-out/>
  <testcase classname="com.testingannotation.IgnoreTest" name="airpod" time="0.017"/>
  <system-out/>
  <testcase classname="com.testingannotation.IgnoreTest" name="searchlaptop">
    <skipped/>
  </testcase> <!-- searchlaptop -->
  <system-out/>
</testsuite> <!-- com.testingannotation.IgnoreTest -->
