<?xml version="1.0" encoding="UTF-8"?>
<!-- Generated by org.testng.reporters.JUnitReportReporter -->
<testsuite hostname="LAPTOP-M0Q06O0F" failures="0" tests="3" name="com.testingannotation.SimpleAnnotation" time="0.009" errors="0" timestamp="2021-12-26T12:02:10 IST" skipped="0">
  <testcase classname="com.testingannotation.SimpleAnnotation" name="SearchLaptop" time="0.006"/>
  <system-out/>
  <testcase classname="com.testingannotation.SimpleAnnotation" name="SearchMobile" time="0.001"/>
  <system-out/>
  <testcase classname="com.testingannotation.SimpleAnnotation" name="searchtv" time="0.002"/>
  <system-out/>
</testsuite> <!-- com.testingannotation.SimpleAnnotation -->
