<?xml version="1.0" encoding="UTF-8"?>
<!-- Generated by org.testng.reporters.JUnitReportReporter -->
<testsuite hostname="LAPTOP-M0Q06O0F" failures="0" tests="4" name="com.testingannotation.PriorityTest" time="0.009" errors="0" timestamp="2021-12-26T12:35:03 IST" skipped="1">
  <testcase classname="com.testingannotation.PriorityTest" name="searchmobile" time="0.007"/>
  <system-out/>
  <testcase classname="com.testingannotation.PriorityTest" name="airpod" time="0.001"/>
  <system-out/>
  <testcase classname="com.testingannotation.PriorityTest" name="searchtv" time="0.001"/>
  <system-out/>
  <testcase classname="com.testingannotation.PriorityTest" name="searchlaptop">
    <skipped/>
  </testcase> <!-- searchlaptop -->
  <system-out/>
</testsuite> <!-- com.testingannotation.PriorityTest -->
