<?xml version="1.0" encoding="UTF-8"?>
<!-- Generated by org.testng.reporters.JUnitReportReporter -->
<testsuite hostname="LAPTOP-M0Q06O0F" failures="0" tests="11" name="com.testingannotation.InvoestcationT" time="0.017" errors="0" timestamp="2021-12-26T12:43:15 IST" skipped="0">
  <testcase classname="com.testingannotation.InvoestcationT" name="searchlaptop" time="0.002"/>
  <system-out/>
  <testcase classname="com.testingannotation.InvoestcationT" name="searchlaptop" time="0.001"/>
  <system-out/>
  <testcase classname="com.testingannotation.InvoestcationT" name="searchlaptop" time="0.001"/>
  <system-out/>
  <testcase classname="com.testingannotation.InvoestcationT" name="searchlaptop" time="0.001"/>
  <system-out/>
  <testcase classname="com.testingannotation.InvoestcationT" name="searchlaptop" time="0.006"/>
  <system-out/>
  <testcase classname="com.testingannotation.InvoestcationT" name="searchmobile" time="0.002"/>
  <system-out/>
  <testcase classname="com.testingannotation.InvoestcationT" name="searchmobile" time="0.001"/>
  <system-out/>
  <testcase classname="com.testingannotation.InvoestcationT" name="searchmobile" time="0.001"/>
  <system-out/>
  <testcase classname="com.testingannotation.InvoestcationT" name="airpod" time="0.001"/>
  <system-out/>
  <testcase classname="com.testingannotation.InvoestcationT" name="airpod" time="0.001"/>
  <system-out/>
  <testcase classname="com.testingannotation.InvoestcationT" name="searchtv" time="0.000"/>
  <system-out/>
</testsuite> <!-- com.testingannotation.InvoestcationT -->
