<?xml version="1.0" encoding="UTF-8"?>
<!-- Generated by org.testng.reporters.JUnitReportReporter -->
<testsuite hostname="LAPTOP-M0Q06O0F" failures="0" tests="1" name="com.testingannotation.ParallelTest" time="67.834" errors="0" timestamp="2022-01-05T12:35:21 IST" skipped="0">
  <testcase classname="com.testingannotation.ParallelTest" name="flipkartlink" time="67.834"/>
  <system-out/>
</testsuite> <!-- com.testingannotation.ParallelTest -->
