<?xml version="1.0" encoding="UTF-8"?>
<!-- Generated by org.testng.reporters.JUnitReportReporter -->
<testsuite hostname="LAPTOP-M0Q06O0F" failures="0" tests="2" name="com.testingannotation.GroupTest" time="0.007" errors="0" timestamp="2021-12-26T13:42:14 IST" skipped="0">
  <testcase classname="com.testingannotation.GroupTest" name="selenium2" time="0.001"/>
  <system-out/>
  <testcase classname="com.testingannotation.GroupTest" name="selenium1" time="0.006"/>
  <system-out/>
</testsuite> <!-- com.testingannotation.GroupTest -->
