<?xml version="1.0" encoding="UTF-8"?>
<!-- Generated by org.testng.reporters.JUnitReportReporter -->
<testsuite hostname="LAPTOP-M0Q06O0F" failures="0" tests="3" name="com.testingannotation.DataProviderTest" time="0.006" errors="0" timestamp="2022-01-05T11:10:15 IST" skipped="0">
  <testcase classname="com.testingannotation.DataProviderTest" name="login" time="0.001"/>
  <system-out/>
  <testcase classname="com.testingannotation.DataProviderTest" name="login" time="0.005"/>
  <system-out/>
  <testcase classname="com.testingannotation.DataProviderTest" name="login" time="0.000"/>
  <system-out/>
</testsuite> <!-- com.testingannotation.DataProviderTest -->
