<?xml version="1.0" encoding="UTF-8"?>
<!-- Generated by org.testng.reporters.JUnitReportReporter -->
<testsuite hostname="LAPTOP-M0Q06O0F" failures="0" tests="2" name="com.testingannotation.TimeOut" time="0.014" errors="0" timestamp="2022-01-05T11:44:46 IST" skipped="0">
  <testcase classname="com.testingannotation.TimeOut" name="searchlap" time="0.012"/>
  <system-out/>
  <testcase classname="com.testingannotation.TimeOut" name="searchtv" time="0.002"/>
  <system-out/>
</testsuite> <!-- com.testingannotation.TimeOut -->
